<?xml version="1.0" encoding="UTF-8"?>
<testsuite name="DragDrop" tests="1" skipped="0" failures="0" errors="0" timestamp="2023-03-14T11:44:57" hostname="ip-192-168-0-7.eu-central-1.compute.internal" time="20.265">
  <properties/>
  <testcase name="dragAndDropTest()" classname="DragDrop" time="20.265"/>
  <system-out><![CDATA[]]></system-out>
  <system-err><![CDATA[SLF4J: No SLF4J providers were found.
SLF4J: Defaulting to no-operation (NOP) logger implementation
SLF4J: See https://www.slf4j.org/codes.html#noProviders for further details.
Starting ChromeDriver 111.0.5563.64 (c710e93d5b63b7095afe8c2c17df34408078439d-refs/branch-heads/5563@{#995}) on port 24855
Only local connections are allowed.
Please see https://chromedriver.chromium.org/security-considerations for suggestions on keeping ChromeDriver safe.
ChromeDriver was started successfully.
Mar 14, 2023 2:45:03 PM org.openqa.selenium.devtools.CdpVersionFinder findNearestMatch
WARNING: Unable to find an exact match for CDP version 111, so returning the closest version found: 110
]]></system-err>
</testsuite>
